\BOOKMARK [1][-]{toc1.1}{\376\377\000T\000a\000b\000l\000e\000\040\000d\000e\000s\000\040\000m\000a\000t\000i\000\350\000r\000e\000s}{}% 1
\BOOKMARK [1][-]{section.1}{\376\377\0001\000\040\000I\000n\000s\000t\000a\000l\000l\000a\000t\000i\000o\000n}{}% 2
\BOOKMARK [2][-]{subsection.1.1}{\376\377\0001\000.\0001\000\040\000A\000v\000e\000c\000\040\000l\000a\000\040\000T\000e\000X\000l\000i\000v\000e\000\040\000s\000o\000u\000s\000\040\000L\000i\000n\000u\000x\000\040\000o\000u\000\040\000M\000a\000c\000O\000S}{section.1}% 3
\BOOKMARK [2][-]{subsection.1.2}{\376\377\0001\000.\0002\000\040\000A\000v\000e\000c\000\040\000M\000i\000k\000T\000e\000X\000\040\000e\000t\000\040\000W\000i\000n\000d\000o\000w\000s}{section.1}% 4
\BOOKMARK [2][-]{subsection.1.3}{\376\377\0001\000.\0003\000\040\000D\000\351\000p\000e\000n\000d\000a\000n\000c\000e\000s}{section.1}% 5
\BOOKMARK [2][-]{subsection.1.4}{\376\377\0001\000.\0004\000\040\000U\000t\000i\000l\000i\000s\000a\000t\000i\000o\000n\000\040\000a\000v\000e\000c\000\040\000L\000u\000a\000L\000a\000T\000e\000X\000\040\000e\000t\000\040\000l\000u\000a\000m\000p\000l\000i\000b}{section.1}% 6
\BOOKMARK [1][-]{section.2}{\376\377\0002\000\040\000P\000o\000u\000r\000q\000u\000o\000i\000\040\000c\000e\000\040\000p\000a\000c\000k\000a\000g\000e\000\040\000e\000t\000\040\000p\000h\000i\000l\000o\000s\000o\000p\000h\000i\000e\000\040\000g\000\351\000n\000\351\000r\000a\000l\000e}{}% 7
\BOOKMARK [1][-]{section.3}{\376\377\0003\000\040\000P\000l\000a\000t\000e\000a\000u}{}% 8
\BOOKMARK [2][-]{subsection.3.1}{\376\377\0003\000.\0001\000\040\000R\000\351\000g\000l\000a\000g\000e\000\040\000d\000e\000s\000\040\000t\000a\000i\000l\000l\000e\000s}{section.3}% 9
\BOOKMARK [2][-]{subsection.3.2}{\376\377\0003\000.\0002\000\040\000N\000o\000m\000b\000r\000e\000\040\000d\000e\000\040\000c\000a\000s\000e}{section.3}% 10
\BOOKMARK [2][-]{subsection.3.3}{\376\377\0003\000.\0003\000\040\000D\000i\000m\000e\000n\000s\000i\000o\000n\000\040\000d\040\031\000u\000n\000e\000\040\000c\000a\000s\000e}{section.3}% 11
\BOOKMARK [2][-]{subsection.3.4}{\376\377\0003\000.\0004\000\040\000R\000\351\000g\000l\000a\000g\000e\000\040\000d\000u\000\040\000t\000h\000\350\000m\000e\000\040\000d\000e\000\040\000c\000o\000u\000l\000e\000u\000r}{section.3}% 12
\BOOKMARK [3][-]{subsubsection.3.4.1}{\376\377\0003\000.\0004\000.\0001\000\040\000T\000h\000\350\000m\000e\000s\000\040\000p\000r\000\351\000d\000\351\000f\000i\000n\000i\000s}{subsection.3.4}% 13
\BOOKMARK [3][-]{subsubsection.3.4.2}{\376\377\0003\000.\0004\000.\0002\000\040\000C\000o\000n\000f\000i\000g\000u\000r\000a\000t\000i\000o\000n\000\040\000d\040\031\000u\000n\000\040\000t\000h\000\350\000m\000e\000\040\000p\000e\000r\000s\000o\000n\000n\000e\000l}{subsection.3.4}% 14
\BOOKMARK [2][-]{subsection.3.5}{\376\377\0003\000.\0005\000\040\000A\000f\000f\000i\000c\000h\000a\000g\000e\000\040\000d\000e\000s\000\040\000c\000o\000o\000r\000d\000o\000n\000n\000\351\000e\000s}{section.3}% 15
\BOOKMARK [2][-]{subsection.3.6}{\376\377\0003\000.\0006\000\040\000V\000u\000e\000\040\000b\000l\000a\000n\000c\000h\000e\000\040\000o\000u\000\040\000n\000o\000i\000r\000e}{section.3}% 16
\BOOKMARK [2][-]{subsection.3.7}{\376\377\0003\000.\0007\000\040\000N\000o\000m\000s\000\040\000d\000e\000s\000\040\000j\000o\000u\000e\000u\000r\000s}{section.3}% 17
\BOOKMARK [1][-]{section.4}{\376\377\0004\000\040\000P\000i\000\350\000c\000e\000s\000\040\000e\000t\000\040\000p\000o\000s\000i\000t\000i\000o\000n\000s}{}% 18
\BOOKMARK [2][-]{subsection.4.1}{\376\377\0004\000.\0001\000\040\000R\000\351\000g\000l\000a\000g\000e\000\040\000d\000u\000\040\000t\000h\000\350\000m\000e\000\040\000d\000e\000s\000\040\000p\000i\000\350\000c\000e\000s}{section.4}% 19
\BOOKMARK [2][-]{subsection.4.2}{\376\377\0004\000.\0002\000\040\000T\000r\000a\000i\000t}{section.4}% 20
\BOOKMARK [2][-]{subsection.4.3}{\376\377\0004\000.\0003\000\040\000D\000e\000s\000s\000i\000n\000e\000r\000\040\000u\000n\000e\000\040\000p\000o\000s\000i\000t\000i\000o\000n}{section.4}% 21
\BOOKMARK [2][-]{subsection.4.4}{\376\377\0004\000.\0004\000\040\000C\000o\000n\000s\000t\000r\000u\000i\000r\000e\000\040\000u\000n\000e\000\040\000p\000o\000s\000i\000t\000i\000o\000n}{section.4}% 22
\BOOKMARK [3][-]{subsubsection.4.4.1}{\376\377\0004\000.\0004\000.\0001\000\040\000I\000n\000i\000t\000i\000a\000l\000i\000s\000a\000t\000i\000o\000n}{subsection.4.4}% 23
\BOOKMARK [3][-]{subsubsection.4.4.2}{\376\377\0004\000.\0004\000.\0002\000\040\000A\000j\000o\000u\000t\000\040\000d\000e\000\040\000p\000i\000\350\000c\000e\000s}{subsection.4.4}% 24
\BOOKMARK [3][-]{subsubsection.4.4.3}{\376\377\0004\000.\0004\000.\0003\000\040\000S\000u\000p\000p\000r\000e\000s\000s\000i\000o\000n\000\040\000d\000e\000\040\000p\000i\000\350\000c\000e\000s}{subsection.4.4}% 25
\BOOKMARK [2][-]{subsection.4.5}{\376\377\0004\000.\0005\000\040\000L\000e\000c\000t\000u\000r\000e\000\040\000d\000e\000\040\000d\000o\000n\000n\000\351\000e\000s\000\040\000a\000u\000\040\000f\000o\000r\000m\000a\000t\000\040\000f\000e\000n}{section.4}% 26
\BOOKMARK [2][-]{subsection.4.6}{\376\377\0004\000.\0006\000\040\000L\000e\000c\000t\000u\000r\000e\000\040\000d\000e\000\040\000d\000o\000n\000n\000\351\000e\000s\000\040\000a\000u\000\040\000f\000o\000r\000m\000a\000t\000\040\000p\000g\000n}{section.4}% 27
\BOOKMARK [3][-]{subsubsection.4.6.1}{\376\377\0004\000.\0006\000.\0001\000\040\000M\000o\000n\000t\000r\000e\000r\000\040\000l\000e\000\040\000d\000e\000r\000n\000i\000e\000r\000\040\000c\000o\000u\000p}{subsection.4.6}% 28
\BOOKMARK [3][-]{subsubsection.4.6.2}{\376\377\0004\000.\0006\000.\0002\000\040\000O\000b\000t\000e\000n\000i\000r\000\040\000l\000e\000\040\000n\000o\000m\000b\000r\000e\000\040\000d\000e\000\040\000c\000o\000u\000p\000s}{subsection.4.6}% 29
\BOOKMARK [1][-]{section.5}{\376\377\0005\000\040\000A\000n\000n\000o\000t\000a\000t\000i\000o\000n}{}% 30
\BOOKMARK [2][-]{subsection.5.1}{\376\377\0005\000.\0001\000\040\000F\000l\000\352\000c\000h\000e\000s}{section.5}% 31
\BOOKMARK [2][-]{subsection.5.2}{\376\377\0005\000.\0002\000\040\000C\000o\000l\000o\000r\000a\000t\000i\000o\000n\000\040\000d\000e\000\040\000c\000a\000s\000e\000s}{section.5}% 32
\BOOKMARK [2][-]{subsection.5.3}{\376\377\0005\000.\0003\000\040\000C\000e\000r\000c\000l\000e\000s}{section.5}% 33
\BOOKMARK [2][-]{subsection.5.4}{\376\377\0005\000.\0004\000\040\000C\000r\000o\000i\000x}{section.5}% 34
\BOOKMARK [2][-]{subsection.5.5}{\376\377\0005\000.\0005\000\040\000C\000o\000m\000m\000e\000n\000t\000a\000i\000r\000e\000s\000\040\000d\000e\000\040\000c\000o\000u\000p}{section.5}% 35
\BOOKMARK [1][-]{section.6}{\376\377\0006\000\040\000D\000i\000v\000e\000r\000s}{}% 36
\BOOKMARK [1][-]{section.7}{\376\377\0007\000\040\000T\000o\000\040\000d\000o}{}% 37
